<?xml version="1.0" encoding="UTF-8"?>
<testsuite name="auction.ProtocolTest" tests="7" skipped="0" failures="0" errors="0" timestamp="2026-04-17T21:35:55" hostname="TIM_DESKTOP" time="0.116">
  <properties/>
  <testcase name="testInitialWelcome()" classname="auction.ProtocolTest" time="0.075"/>
  <testcase name="testRegisterRequestValid()" classname="auction.ProtocolTest" time="0.014"/>
  <testcase name="testRegisterRequestEmpty()" classname="auction.ProtocolTest" time="0.002"/>
  <testcase name="testQuitRequest()" classname="auction.ProtocolTest" time="0.002"/>
  <testcase name="testLeaderboardRequest()" classname="auction.ProtocolTest" time="0.008"/>
  <testcase name="testJoinGameRequest()" classname="auction.ProtocolTest" time="0.011"/>
  <testcase name="testInvalidBidRequest()" classname="auction.ProtocolTest" time="0.002"/>
  <system-out><![CDATA[]]></system-out>
  <system-err><![CDATA[]]></system-err>
</testsuite>
